<?xml version="1.0" encoding="utf-8"?><testsuites name="pytest tests"><testsuite name="pytest" errors="0" failures="0" skipped="0" tests="199" time="218.426" timestamp="2026-09-16T14:51:39.340766-07:00" hostname="Mac-Studio.ts.net lan"><testcase classname="tests.test_prophet_pit_replay.TestTruncateFrame" name="test_drops_every_bar_after_the_ceiling" time="0.432" /><testcase classname="tests.test_prophet_pit_replay.TestTruncateFrame" name="test_keeps_a_bar_exactly_on_the_ceiling" time="0.008" /><testcase classname="tests.test_prophet_pit_replay.TestTruncateFrame" name="test_date_in_a_column_frame_is_truncated_correctly" time="0.006" /><testcase classname="tests.test_prophet_pit_replay.TestTruncateFrame" name="test_a_rangeindex_frame_with_no_date_column_is_returned_untouched" time="0.005" /><testcase classname="tests.test_prophet_pit_replay.TestTruncateFrame" name="test_tz_aware_index_is_handled" time="0.007" /><testcase classname="tests.test_prophet_pit_replay.TestTruncateFrame" name="test_none_passes_through" time="0.002" /><testcase classname="tests.test_prophet_pit_replay.TestOverlaySessions" name="test_appends_only_the_missing_tail" time="0.009" /><testcase classname="tests.test_prophet_pit_replay.TestOverlaySessions" name="test_keeps_vintage_bytes_for_restated_history" time="0.012" /><testcase classname="tests.test_prophet_pit_replay.TestOverlaySessions" name="test_column_alignment_to_the_vintage_frame" time="0.016" /><testcase classname="tests.test_prophet_pit_replay.TestOverlaySessions" name="test_wholesale_substitution_branch_when_no_vintage_history" time="0.005" /><testcase classname="tests.test_prophet_pit_replay.TestOverlaySessions" name="test_empty_vintage_frame_also_takes_the_substitution_branch" time="0.006" /><testcase classname="tests.test_prophet_pit_replay.TestOverlaySessions" name="test_no_live_source_keeps_vintage_only" time="0.014" /><testcase classname="tests.test_prophet_pit_replay.TestNeedsWrite" name="test_added_sessions_forces_a_write" time="0.005" /><testcase classname="tests.test_prophet_pit_replay.TestNeedsWrite" name="test_absent_on_disk_forces_a_write" time="0.005" /><testcase classname="tests.test_prophet_pit_replay.TestNeedsWrite" name="test_truncation_without_append_still_needs_a_write" time="0.010" /><testcase classname="tests.test_prophet_pit_replay.TestNeedsWrite" name="test_unchanged_frame_does_not_need_a_write" time="0.008" /><testcase classname="tests.test_prophet_pit_replay.TestFenceNoBarAfter" name="test_fires_on_a_planted_bar" time="0.224" /><testcase classname="tests.test_prophet_pit_replay.TestFenceNoBarAfter" name="test_passes_a_clean_tree_and_reports_what_it_scanned" time="0.028" /><testcase classname="tests.test_prophet_pit_replay.TestFenceNoBarAfter" name="test_is_not_vacuous_when_nothing_is_there" time="0.017" /><testcase classname="tests.test_prophet_pit_replay.TestFenceNoBarAfter" name="test_ahead_of_pass_is_reported_not_refused" time="0.060" /><testcase classname="tests.test_prophet_pit_replay.TestFenceNoBarAfter" name="test_unscannable_file_is_named_not_silently_clean" time="0.038" /><testcase classname="tests.test_prophet_pit_replay.TestPrepareReconstructionTreePassThrough" name="test_control_pass_reports_ahead_of_pass_not_a_violation" time="1.241" /><testcase classname="tests.test_prophet_pit_replay.TestPrepareReconstructionTreePassThrough" name="test_a_bar_past_the_true_session_still_refuses" time="0.682" /><testcase classname="tests.test_prophet_pit_replay.TestPrepareReconstructionTreePassThrough" name="test_replay_pass_hard_and_soft_ceiling_are_equal_so_behavior_is_unchanged" time="1.162" /><testcase classname="tests.test_prophet_pit_replay.TestValidateSession" name="test_wrong_shape_refuses_cleanly[not-a-date]" time="0.028" /><testcase classname="tests.test_prophet_pit_replay.TestValidateSession" name="test_wrong_shape_refuses_cleanly[2026/08/14]" time="0.009" /><testcase classname="tests.test_prophet_pit_replay.TestValidateSession" name="test_wrong_shape_refuses_cleanly[26-08-14]" time="0.044" /><testcase classname="tests.test_prophet_pit_replay.TestValidateSession" name="test_wrong_shape_refuses_cleanly[2026-8-14]" time="0.034" /><testcase classname="tests.test_prophet_pit_replay.TestValidateSession" name="test_wrong_shape_refuses_cleanly[]" time="0.019" /><testcase classname="tests.test_prophet_pit_replay.TestValidateSession" name="test_wrong_shape_refuses_cleanly[2026-08-14T00:00:00]" time="0.039" /><testcase classname="tests.test_prophet_pit_replay.TestValidateSession" name="test_wrong_shape_refuses_cleanly[20260814]" time="0.039" /><testcase classname="tests.test_prophet_pit_replay.TestValidateSession" name="test_out_of_range_calendar_date_refuses_cleanly[2026-13-01]" time="0.050" /><testcase classname="tests.test_prophet_pit_replay.TestValidateSession" name="test_out_of_range_calendar_date_refuses_cleanly[2026-02-30]" time="0.016" /><testcase classname="tests.test_prophet_pit_replay.TestValidateSession" name="test_out_of_range_calendar_date_refuses_cleanly[2026-00-14]" time="0.010" /><testcase classname="tests.test_prophet_pit_replay.TestValidateSession" name="test_out_of_range_calendar_date_refuses_cleanly[2026-08-32]" time="0.014" /><testcase classname="tests.test_prophet_pit_replay.TestValidateSession" name="test_well_formed_session_passes_through_unchanged" time="0.019" /><testcase classname="tests.test_prophet_pit_replay.TestValidateSession" name="test_resolve_vintage_refuses_a_malformed_session_cleanly" time="0.743" /><testcase classname="tests.test_prophet_pit_replay.TestValidateSession" name="test_cli_resolve_only_refuses_a_malformed_session_cleanly" time="0.734" /><testcase classname="tests.test_prophet_pit_replay.TestResolveVintage" name="test_first_parent_is_load_bearing" time="1.556" /><testcase classname="tests.test_prophet_pit_replay.TestResolveVintage" name="test_slot_boundary_is_inclusive" time="1.157" /><testcase classname="tests.test_prophet_pit_replay.TestResolveVintage" name="test_a_commit_one_second_after_the_slot_is_excluded" time="0.725" /><testcase classname="tests.test_prophet_pit_replay.TestResolveVintage" name="test_bake_slot_override_is_honoured" time="0.667" /><testcase classname="tests.test_prophet_pit_replay.TestResolveVintage" name="test_us_bake_slot_is_1830_eastern_in_august" time="0.008" /><testcase classname="tests.test_prophet_pit_replay.TestResolveVintage" name="test_us_bake_slot_is_1830_eastern_in_january_est" time="0.005" /><testcase classname="tests.test_prophet_pit_replay.TestAssertAncestorOfMain" name="test_a_commit_not_on_main_is_refused" time="0.806" /><testcase classname="tests.test_prophet_pit_replay.TestAssertAncestorOfMain" name="test_an_ancestor_of_main_passes" time="0.549" /><testcase classname="tests.test_prophet_pit_replay.TestDisclosedGapGuard" name="test_a_session_inside_the_window_refuses_citing_the_gap_id" time="0.014" /><testcase classname="tests.test_prophet_pit_replay.TestDisclosedGapGuard" name="test_a_session_via_missing_trading_days_also_refuses" time="0.018" /><testcase classname="tests.test_prophet_pit_replay.TestDisclosedGapGuard" name="test_a_session_outside_the_window_passes" time="0.012" /><testcase classname="tests.test_prophet_pit_replay.TestDisclosedGapGuard" name="test_a_backfillable_gap_does_not_refuse" time="0.008" /><testcase classname="tests.test_prophet_pit_replay.TestDisclosedGapGuard" name="test_absent_gaps_file_is_not_an_error" time="0.078" /><testcase classname="tests.test_prophet_pit_replay.TestDisclosedGapGuard" name="test_market_with_no_gaps_file_declared_always_passes" time="0.006" /><testcase classname="tests.test_prophet_pit_replay.TestDisclosedGapGuard" name="test_against_the_real_repo_us_2026_08_04_refuses" time="0.018" /><testcase classname="tests.test_prophet_pit_replay.TestDisclosedGapGuard" name="test_against_the_real_repo_us_2026_08_14_passes" time="0.005" /><testcase classname="tests.test_prophet_pit_replay.TestRegistry" name="test_unresolved_markets_refuse_naming_missing_fields[ca]" time="0.009" /><testcase classname="tests.test_prophet_pit_replay.TestRegistry" name="test_unresolved_markets_refuse_naming_missing_fields[intl]" time="0.005" /><testcase classname="tests.test_prophet_pit_replay.TestRegistry" name="test_us_is_fully_resolved" time="0.003" /><testcase classname="tests.test_prophet_pit_replay.TestRegistry" name="test_unknown_market_string_is_rejected_by_argparse" time="0.750" /><testcase classname="tests.test_prophet_pit_replay.TestRegistry" name="test_all_registry_markets_are_argparse_choices" time="0.002" /><testcase classname="tests.test_prophet_pit_replay.TestCollisionCutoff" name="test_cutoff_is_session_plus_one_day" time="0.003" /><testcase classname="tests.test_prophet_pit_replay.TestCollisionCutoff" name="test_a_plan_recorded_exactly_on_the_cutoff_wins" time="0.004" /><testcase classname="tests.test_prophet_pit_replay.TestCollisionCutoff" name="test_a_plan_recorded_the_day_before_the_cutoff_does_not_win" time="0.003" /><testcase classname="tests.test_prophet_pit_replay.TestCollisionCutoff" name="test_keyed_on_ticker_and_direction_not_ticker_alone" time="0.003" /><testcase classname="tests.test_prophet_pit_replay.TestCollisionCutoff" name="test_a_prior_pit_replay_plan_is_treated_as_live_once_merged" time="0.004" /><testcase classname="tests.test_prophet_pit_replay.TestReceiptIdempotence" name="test_no_existing_receipt_passes" time="0.555" /><testcase classname="tests.test_prophet_pit_replay.TestReceiptIdempotence" name="test_a_receipt_in_the_working_tree_refuses" time="0.444" /><testcase classname="tests.test_prophet_pit_replay.TestReceiptIdempotence" name="test_a_receipt_committed_on_origin_main_refuses" time="0.864" /><testcase classname="tests.test_prophet_pit_replay.TestReceiptIdempotence" name="test_a_receipt_for_a_different_session_does_not_collide" time="0.682" /><testcase classname="tests.test_prophet_pit_replay.TestReceiptIdempotence" name="test_a_receipt_for_a_different_market_does_not_collide" time="0.678" /><testcase classname="tests.test_prophet_pit_replay.TestExecuteOperationIntent" name="test_atomic_publication_fsyncs_file_and_directory" time="0.033" /><testcase classname="tests.test_prophet_pit_replay.TestExecuteOperationIntent" name="test_preexisting_pending_target_refuses_without_any_write" time="0.272" /><testcase classname="tests.test_prophet_pit_replay.TestExecuteOperationIntent" name="test_crash_after_marker_stays_effect_unknown_and_retry_refuses[pending_entry]" time="0.801" /><testcase classname="tests.test_prophet_pit_replay.TestExecuteOperationIntent" name="test_crash_after_marker_stays_effect_unknown_and_retry_refuses[harness_receipt]" time="0.864" /><testcase classname="tests.test_prophet_pit_replay.TestExecuteOperationIntent" name="test_success_removes_marker_only_after_final_receipt_validates" time="1.045" /><testcase classname="tests.test_prophet_pit_replay.TestExecuteOperationIntent" name="test_crash_after_final_receipt_cleans_only_the_completed_marker" time="1.432" /><testcase classname="tests.test_prophet_pit_replay.TestOriginationReceiptSatisfiesTheRealAuditor" name="test_no_origination_mode_or_disclosure_field_anywhere" time="0.010" /><testcase classname="tests.test_prophet_pit_replay.TestOriginationReceiptSatisfiesTheRealAuditor" name="test_the_real_auditor_accepts_the_receipt" time="0.154" /><testcase classname="tests.test_prophet_pit_replay.TestOriginationReceiptSatisfiesTheRealAuditor" name="test_the_receipt_carries_its_price_basis_explicitly" time="0.008" /><testcase classname="tests.test_prophet_pit_replay.TestOriginationReceiptSatisfiesTheRealAuditor" name="test_the_receipt_says_it_is_a_backfill_lane_run" time="0.012" /><testcase classname="tests.test_prophet_pit_replay.TestReconciliation" name="test_identities_hold_on_a_balanced_funnel" time="0.012" /><testcase classname="tests.test_prophet_pit_replay.TestReconciliation" name="test_identity_break_is_reported_not_hidden" time="0.004" /><testcase classname="tests.test_prophet_pit_replay.TestPartitionChronology" name="test_splits_chronology_from_other_refusals" time="0.015" /><testcase classname="tests.test_prophet_pit_replay.TestAlreadyPublishedIds" name="test_enumerated_names_when_counts_reconcile" time="0.013" /><testcase classname="tests.test_prophet_pit_replay.TestAlreadyPublishedIds" name="test_withholds_names_on_a_count_mismatch" time="0.008" /><testcase classname="tests.test_prophet_pit_replay.TestSessionValidGuard" name="test_a_weekend_session_refuses_for_us" time="0.022" /><testcase classname="tests.test_prophet_pit_replay.TestSessionValidGuard" name="test_a_weekend_session_refuses_for_cn_and_hk[cn]" time="0.085" /><testcase classname="tests.test_prophet_pit_replay.TestSessionValidGuard" name="test_a_weekend_session_refuses_for_cn_and_hk[hk]" time="0.176" /><testcase classname="tests.test_prophet_pit_replay.TestSessionValidGuard" name="test_a_real_trading_session_passes_for_us" time="0.012" /><testcase classname="tests.test_prophet_pit_replay.TestSessionValidGuard" name="test_a_real_trading_session_passes_for_cn_and_hk[cn-2026-08-17]" time="0.014" /><testcase classname="tests.test_prophet_pit_replay.TestSessionValidGuard" name="test_a_real_trading_session_passes_for_cn_and_hk[hk-2026-08-17]" time="0.009" /><testcase classname="tests.test_prophet_pit_replay.TestSessionValidGuard" name="test_an_entry_with_no_session_valid_hook_is_not_gated" time="0.020" /><testcase classname="tests.test_prophet_pit_replay.TestSessionValidGuard" name="test_resolve_only_prints_the_session_valid_line" time="1.199" /><testcase classname="tests.test_prophet_pit_replay.TestSessionValidGuard" name="test_resolve_only_refuses_a_weekend_session_naming_the_calendar" time="0.695" /><testcase classname="tests.test_prophet_pit_replay.TestSessionValidGuard" name="test_the_check_runs_before_vintage_resolution" time="0.019" /><testcase classname="tests.test_prophet_pit_replay.TestWorkDirAutoCreated" name="test_build_alpha_does_not_crash_on_a_nonexistent_work_dir" time="0.521" /><testcase classname="tests.test_prophet_pit_replay.TestWorkDirAutoCreated" name="test_build_board_does_not_crash_on_a_nonexistent_work_dir" time="0.187" /><testcase classname="tests.test_prophet_pit_replay.TestWorkDirAutoCreated" name="test_build_alpha_reuses_an_existing_work_dir_without_error" time="0.298" /><testcase classname="tests.test_prophet_pit_replay.TestBuildBoardCacheCoherence" name="test_cache_hit_writes_the_cached_board_back_to_the_vintage_tree" time="0.057" /><testcase classname="tests.test_prophet_pit_replay.TestBuildBoardCacheCoherence" name="test_cache_hit_creates_the_board_relpath_parent_if_missing" time="0.052" /><testcase classname="tests.test_prophet_pit_replay.TestVerifyCollisionsAheadOfIdempotence" name="test_execute_shaped_fixture_reaches_collision_logic_not_idempotence_refusal" time="1.631" /><testcase classname="tests.test_prophet_pit_replay.TestVerifyCollisionsAheadOfIdempotence" name="test_zero_mint_execute_receipt_has_vacuous_collision_set" time="1.317" /><testcase classname="tests.test_prophet_pit_replay.TestVerifyCollisionsAheadOfIdempotence" name="test_minimal_hand_authored_zero_mint_marker_is_refused" time="0.842" /><testcase classname="tests.test_prophet_pit_replay.TestVerifyCollisionsAheadOfIdempotence" name="test_dry_run_zero_mint_receipt_is_refused" time="1.027" /><testcase classname="tests.test_prophet_pit_replay.TestVerifyCollisionsAheadOfIdempotence" name="test_non_content_addressed_zero_mint_receipt_is_refused" time="1.306" /><testcase classname="tests.test_prophet_pit_replay.TestVerifyCollisionsAheadOfIdempotence" name="test_duplicate_zero_mint_execution_receipts_are_refused" time="1.057" /><testcase classname="tests.test_prophet_pit_replay.TestVerifyCollisionsAheadOfIdempotence" name="test_valid_receipt_plus_any_extra_same_session_receipt_is_refused[mismatched_authority]" time="0.996" /><testcase classname="tests.test_prophet_pit_replay.TestVerifyCollisionsAheadOfIdempotence" name="test_valid_receipt_plus_any_extra_same_session_receipt_is_refused[nonzero_mint]" time="1.078" /><testcase classname="tests.test_prophet_pit_replay.TestVerifyCollisionsAheadOfIdempotence" name="test_valid_receipt_plus_any_extra_same_session_receipt_is_refused[dry_run]" time="1.045" /><testcase classname="tests.test_prophet_pit_replay.TestVerifyCollisionsAheadOfIdempotence" name="test_valid_receipt_plus_any_extra_same_session_receipt_is_refused[minimal]" time="1.251" /><testcase classname="tests.test_prophet_pit_replay.TestVerifyCollisionsAheadOfIdempotence" name="test_valid_receipt_plus_any_extra_same_session_receipt_is_refused[malformed]" time="1.556" /><testcase classname="tests.test_prophet_pit_replay.TestVerifyCollisionsAheadOfIdempotence" name="test_valid_receipt_plus_any_extra_same_session_receipt_is_refused[renamed]" time="1.243" /><testcase classname="tests.test_prophet_pit_replay.TestVerifyCollisionsAheadOfIdempotence" name="test_arbitrary_filename_same_session_body_is_in_receipt_union[valid]" time="2.003" /><testcase classname="tests.test_prophet_pit_replay.TestVerifyCollisionsAheadOfIdempotence" name="test_arbitrary_filename_same_session_body_is_in_receipt_union[dry_run]" time="1.620" /><testcase classname="tests.test_prophet_pit_replay.TestVerifyCollisionsAheadOfIdempotence" name="test_arbitrary_filename_same_session_body_is_in_receipt_union[wrong_authority]" time="1.357" /><testcase classname="tests.test_prophet_pit_replay.TestVerifyCollisionsAheadOfIdempotence" name="test_arbitrary_filename_same_session_body_is_in_receipt_union[malformed_shape]" time="1.663" /><testcase classname="tests.test_prophet_pit_replay.TestVerifyCollisionsAheadOfIdempotence" name="test_legacy_receipt_plus_exact_content_addressed_provenance_passes" time="3.212" /><testcase classname="tests.test_prophet_pit_replay.TestVerifyCollisionsAheadOfIdempotence" name="test_committed_legacy_augmentation_settled_once_and_is_no_longer_live" time="1.631" /><testcase classname="tests.test_prophet_pit_replay.TestVerifyCollisionsAheadOfIdempotence" name="test_legacy_receipt_without_provenance_refuses" time="2.106" /><testcase classname="tests.test_prophet_pit_replay.TestVerifyCollisionsAheadOfIdempotence" name="test_legacy_provenance_mutations_refuse[receipt_sha]" time="1.017" /><testcase classname="tests.test_prophet_pit_replay.TestVerifyCollisionsAheadOfIdempotence" name="test_legacy_provenance_mutations_refuse[baseline_commit]" time="1.765" /><testcase classname="tests.test_prophet_pit_replay.TestVerifyCollisionsAheadOfIdempotence" name="test_legacy_provenance_mutations_refuse[baseline_ancestry]" time="1.403" /><testcase classname="tests.test_prophet_pit_replay.TestVerifyCollisionsAheadOfIdempotence" name="test_legacy_provenance_mutations_refuse[baseline_plan_count]" time="1.503" /><testcase classname="tests.test_prophet_pit_replay.TestVerifyCollisionsAheadOfIdempotence" name="test_legacy_provenance_mutations_refuse[baseline_valid_but_not_receipt]" time="2.112" /><testcase classname="tests.test_prophet_pit_replay.TestVerifyCollisionsAheadOfIdempotence" name="test_legacy_provenance_mutations_refuse[disposition_row]" time="1.737" /><testcase classname="tests.test_prophet_pit_replay.TestVerifyCollisionsAheadOfIdempotence" name="test_legacy_provenance_mutations_refuse[disposition_count]" time="1.445" /><testcase classname="tests.test_prophet_pit_replay.TestVerifyCollisionsAheadOfIdempotence" name="test_legacy_provenance_mutations_refuse[unknown_top_level]" time="1.276" /><testcase classname="tests.test_prophet_pit_replay.TestVerifyCollisionsAheadOfIdempotence" name="test_legacy_provenance_mutations_refuse[receipt_unknown_key]" time="1.190" /><testcase classname="tests.test_prophet_pit_replay.TestVerifyCollisionsAheadOfIdempotence" name="test_legacy_provenance_mutations_refuse[pending_binding_unknown_key]" time="1.356" /><testcase classname="tests.test_prophet_pit_replay.TestVerifyCollisionsAheadOfIdempotence" name="test_legacy_provenance_mutations_refuse[baseline_unknown_key]" time="1.434" /><testcase classname="tests.test_prophet_pit_replay.TestVerifyCollisionsAheadOfIdempotence" name="test_legacy_provenance_mutations_refuse[proof_unknown_key]" time="1.571" /><testcase classname="tests.test_prophet_pit_replay.TestVerifyCollisionsAheadOfIdempotence" name="test_legacy_provenance_mutations_refuse[reconstruction_unknown_key]" time="2.245" /><testcase classname="tests.test_prophet_pit_replay.TestVerifyCollisionsAheadOfIdempotence" name="test_legacy_provenance_mutations_refuse[artifact_unknown_key]" time="3.799" /><testcase classname="tests.test_prophet_pit_replay.TestVerifyCollisionsAheadOfIdempotence" name="test_legacy_provenance_mutations_refuse[pinned_inputs_unknown_key]" time="1.328" /><testcase classname="tests.test_prophet_pit_replay.TestVerifyCollisionsAheadOfIdempotence" name="test_legacy_provenance_mutations_refuse[legacy_execution_unknown_key]" time="2.853" /><testcase classname="tests.test_prophet_pit_replay.TestVerifyCollisionsAheadOfIdempotence" name="test_legacy_provenance_mutations_refuse[raw_whitespace]" time="2.345" /><testcase classname="tests.test_prophet_pit_replay.TestVerifyCollisionsAheadOfIdempotence" name="test_legacy_provenance_mutations_refuse[renamed]" time="3.417" /><testcase classname="tests.test_prophet_pit_replay.TestVerifyCollisionsAheadOfIdempotence" name="test_legacy_provenance_mutations_refuse[duplicate]" time="1.974" /><testcase classname="tests.test_prophet_pit_replay.TestVerifyCollisionsAheadOfIdempotence" name="test_pending_entry_mutations_refuse[raw_bytes]" time="2.444" /><testcase classname="tests.test_prophet_pit_replay.TestVerifyCollisionsAheadOfIdempotence" name="test_pending_entry_mutations_refuse[unknown_top_level]" time="5.465" /><testcase classname="tests.test_prophet_pit_replay.TestVerifyCollisionsAheadOfIdempotence" name="test_pending_entry_mutations_refuse[row]" time="2.296" /><testcase classname="tests.test_prophet_pit_replay.TestVerifyCollisionsAheadOfIdempotence" name="test_pending_entry_mutations_refuse[path]" time="2.467" /><testcase classname="tests.test_prophet_pit_replay.TestVerifyCollisionsAheadOfIdempotence" name="test_pending_entry_mutations_refuse[readdressed_path]" time="1.944" /><testcase classname="tests.test_prophet_pit_replay.TestVerifyCollisionsAheadOfIdempotence" name="test_pending_entry_mutations_refuse[vintage]" time="2.561" /><testcase classname="tests.test_prophet_pit_replay.TestVerifyCollisionsAheadOfIdempotence" name="test_pending_entry_mutations_refuse[receipt_reference]" time="3.458" /><testcase classname="tests.test_prophet_pit_replay.TestVerifyCollisionsAheadOfIdempotence" name="test_pending_entry_mutations_refuse[duplicate_row]" time="2.150" /><testcase classname="tests.test_prophet_pit_replay.TestVerifyCollisionsAheadOfIdempotence" name="test_pending_entry_mutations_refuse[missing]" time="2.281" /><testcase classname="tests.test_prophet_pit_replay.TestVerifyCollisionsAheadOfIdempotence" name="test_reconstruction_semantic_mutations_refuse[semantic_reason]" time="2.581" /><testcase classname="tests.test_prophet_pit_replay.TestVerifyCollisionsAheadOfIdempotence" name="test_reconstruction_semantic_mutations_refuse[semantic_category]" time="1.960" /><testcase classname="tests.test_prophet_pit_replay.TestVerifyCollisionsAheadOfIdempotence" name="test_reconstruction_semantic_mutations_refuse[disposition_outer_rehash]" time="3.760" /><testcase classname="tests.test_prophet_pit_replay.TestVerifyCollisionsAheadOfIdempotence" name="test_reconstruction_semantic_mutations_refuse[wall_clock_exposure]" time="6.361" /><testcase classname="tests.test_prophet_pit_replay.TestVerifyCollisionsAheadOfIdempotence" name="test_reconstruction_semantic_mutations_refuse[malformed_raw_shape]" time="3.105" /><testcase classname="tests.test_prophet_pit_replay.TestVerifyCollisionsAheadOfIdempotence" name="test_reconstruction_semantic_mutations_refuse[raw_whitespace_readdress]" time="3.507" /><testcase classname="tests.test_prophet_pit_replay.TestVerifyCollisionsAheadOfIdempotence" name="test_reconstruction_semantic_mutations_refuse[unknown_top_level_readdress]" time="2.717" /><testcase classname="tests.test_prophet_pit_replay.TestVerifyCollisionsAheadOfIdempotence" name="test_reconstruction_semantic_mutations_refuse[wrong_path_rebind]" time="2.598" /><testcase classname="tests.test_prophet_pit_replay.TestVerifyCollisionsAheadOfIdempotence" name="test_reconstruction_semantic_mutations_refuse[legacy_exact_once_claim]" time="3.293" /><testcase classname="tests.test_prophet_pit_replay.TestVerifyCollisionsAheadOfIdempotence" name="test_reconstruction_semantic_mutations_refuse[missing_artifact]" time="3.292" /><testcase classname="tests.test_prophet_pit_replay.TestVerifyCollisionsAheadOfIdempotence" name="test_embedded_provenance_mutations_refuse[baseline]" time="2.574" /><testcase classname="tests.test_prophet_pit_replay.TestVerifyCollisionsAheadOfIdempotence" name="test_embedded_provenance_mutations_refuse[disposition]" time="1.796" /><testcase classname="tests.test_prophet_pit_replay.TestVintageEnv" name="test_dead_proxy_keys_present" time="0.006" /><testcase classname="tests.test_prophet_pit_replay.TestVintageEnv" name="test_registry_env_pins_still_applied_on_top" time="0.005" /><testcase classname="tests.test_prophet_pit_replay.TestVintageEnv" name="test_stripped_keys_absent_even_when_inherited" time="0.005" /><testcase classname="tests.test_prophet_pit_replay.TestVintageEnv" name="test_applied_env_pins_matches_what_vintage_env_layers_on" time="0.007" /><testcase classname="tests.test_prophet_pit_replay.TestPinnedStoresAssertion" name="test_clean_tree_passes" time="1.610" /><testcase classname="tests.test_prophet_pit_replay.TestPinnedStoresAssertion" name="test_no_pinned_dirs_is_a_noop" time="1.323" /><testcase classname="tests.test_prophet_pit_replay.TestPinnedStoresAssertion" name="test_a_modified_pinned_file_refuses" time="1.476" /><testcase classname="tests.test_prophet_pit_replay.TestPinnedStoresAssertion" name="test_a_new_untracked_file_in_a_pinned_dir_also_refuses" time="1.071" /><testcase classname="tests.test_prophet_pit_replay.TestPinnedStoresAssertion" name="test_an_exempt_file_does_not_refuse" time="1.317" /><testcase classname="tests.test_prophet_pit_replay.TestPinnedStoresAssertion" name="test_registry_pinned_stores_for_cn_names_all_13_collector_dirs" time="0.004" /><testcase classname="tests.test_prophet_pit_replay.TestPinnedStoresAssertion" name="test_us_and_hk_pinned_stores_are_empty" time="0.003" /><testcase classname="tests.test_prophet_pit_replay.TestBuildHarnessReceiptFields" name="test_receipt_carries_every_f3_field[us]" time="0.003" /><testcase classname="tests.test_prophet_pit_replay.TestBuildHarnessReceiptFields" name="test_receipt_carries_every_f3_field[cn]" time="0.004" /><testcase classname="tests.test_prophet_pit_replay.TestBuildHarnessReceiptFields" name="test_missing_optional_result_fields_degrade_to_empty_not_a_crash" time="0.005" /><testcase classname="tests.test_prophet_pit_replay.TestOverlaySessionsSubstitutedColumns" name="test_wholesale_substitution_reports_column_count" time="0.007" /><testcase classname="tests.test_prophet_pit_replay.TestConstituentsDiff" name="test_added_and_removed_named_against_the_vintage_commit" time="1.557" /><testcase classname="tests.test_prophet_pit_replay.TestConstituentsDiff" name="test_absent_constituents_file_reports_unavailable" time="0.895" /><testcase classname="tests.test_prophet_pit_replay.TestPrepareReconstructionTreeConstituentsDiff" name="test_substituted_wide_panel_reports_constituents_diff" time="2.077" /><testcase classname="tests.test_prophet_pit_replay.TestSparseExecuteGuard" name="test_sparse_execute_refuses_naming_the_remedy" time="1.377" /><testcase classname="tests.test_prophet_pit_replay.TestSparseExecuteGuard" name="test_sparse_dry_run_is_unaffected_by_the_execute_gate" time="2.358" /><testcase classname="tests.test_prophet_pit_replay.TestReceiptIdempotenceSparseAware" name="test_working_tree_half_is_skipped_when_data_is_sparse_omitted" time="1.753" /><testcase classname="tests.test_prophet_pit_replay.TestReceiptIdempotenceSparseAware" name="test_working_tree_half_still_fires_when_not_sparse" time="1.748" /><testcase classname="tests.test_prophet_pit_replay.TestPrintDryRunExecuteGating" name="test_execute_mode_does_not_print_the_dry_run_banner" time="0.003" /><testcase classname="tests.test_prophet_pit_replay.TestPrintDryRunExecuteGating" name="test_dry_run_mode_still_prints_the_dry_run_banner" time="0.062" /><testcase classname="tests.test_prophet_pit_replay_alpha_result" name="test_no_result_reports_upstream_cause_not_a_date_mismatch" time="0.145" /><testcase classname="tests.test_prophet_pit_replay_alpha_result" name="test_real_date_mismatch_still_refuses" time="0.070" /><testcase classname="tests.test_prophet_pit_replay_alpha_result" name="test_valid_result_preserves_receipt" time="0.167" /><testcase classname="tests.test_prophet_pit_replay_alpha_result" name="test_invalid_result_shape_fails_closed" time="0.208" /><testcase classname="tests.test_prophet_pit_replay_alpha_result" name="test_subprocess_failure_still_refuses" time="1.012" /><testcase classname="tests.test_prophet_pit_replay_sparse_inputs" name="test_missing_ticker_restores_historical_values_not_later_revision[False]" time="4.068" /><testcase classname="tests.test_prophet_pit_replay_sparse_inputs" name="test_missing_ticker_restores_historical_values_not_later_revision[True]" time="2.443" /><testcase classname="tests.test_prophet_pit_replay_sparse_inputs" name="test_price_value_change_with_same_endpoint_changes_cache_identity" time="1.482" /><testcase classname="tests.test_prophet_pit_replay_sparse_inputs" name="test_sparse_restore_does_not_add_later_only_ticker" time="8.812" /><testcase classname="tests.test_prophet_pit_replay_sparse_inputs" name="test_restoration_is_idempotent_and_does_not_rewrite_present_bytes" time="3.003" /><testcase classname="tests.test_prophet_pit_replay_sparse_inputs" name="test_unavailable_historical_blob_refuses_without_later_substitution" time="2.655" /><testcase classname="tests.test_prophet_pit_replay_sparse_inputs" name="test_corrupt_historical_parquet_refuses_without_publication" time="2.511" /><testcase classname="tests.test_prophet_pit_replay_sparse_inputs" name="test_restore_appends_only_missing_tail_and_keeps_historical_rows" time="3.463" /><testcase classname="tests.test_prophet_pit_replay_sparse_inputs" name="test_restored_vintage_rows_are_truncated_at_pass_ceiling" time="1.864" /><testcase classname="tests.test_prophet_pit_replay_sparse_inputs" name="test_later_deletion_does_not_erase_vintage_population" time="2.335" /><testcase classname="tests.test_prophet_pit_replay_sparse_inputs" name="test_control_then_replay_restores_tail_even_when_git_blob_is_unchanged" time="1.566" /><testcase classname="tests.test_prophet_pit_replay_sparse_inputs" name="test_pipeline_receipt_retains_control_input_restoration" time="1.484" /></testsuite></testsuites>